# JRE version: OpenJDK Runtime Environment (8.0_131-b11) (build 1.8.0_131-8u131-b11-2ubuntu1.16.04.3-b11)
# Java VM: OpenJDK 64-Bit Server VM (25.131-b11 mixed mode linux-amd64 compressed oops)
Heap:
 PSYoungGen      total 272896K, used 239327K [0x00000000eab00000, 0x0000000100000000, 0x0000000100000000)
  eden space 201728K, 100% used [0x00000000eab00000,0x00000000f7000000,0x00000000f7000000)
  from space 71168K, 52% used [0x00000000f7000000,0x00000000f94b7d90,0x00000000fb580000)
  to   space 73728K, 0% used [0x00000000fb800000,0x00000000fb800000,0x0000000100000000)
 ParOldGen       total 699392K, used 392561K [0x00000000c0000000, 0x00000000eab00000, 0x00000000eab00000)
  object space 699392K, 56% used [0x00000000c0000000,0x00000000d7f5c7f8,0x00000000eab00000)
 Metaspace       used 119151K, capacity 120018K, committed 122956K, reserved 1153024K
  class space    used 19299K, capacity 19526K, committed 20044K, reserved 1048576K
GC Heap History (10 events):
Event: 1553,164 GC heap before
{Heap before GC invocations=637 (full 51):
 PSYoungGen      total 258560K, used 169054K [0x00000000eab00000, 0x0000000100000000, 0x0000000100000000)
  eden space 162304K, 99% used [0x00000000eab00000,0x00000000f4959b88,0x00000000f4980000)
  from space 96256K, 7% used [0x00000000fa200000,0x00000000fa8be040,0x0000000100000000)
  to   space 90624K, 0% used [0x00000000f4980000,0x00000000f4980000,0x00000000fa200000)
 ParOldGen       total 699392K, used 368495K [0x00000000c0000000, 0x00000000eab00000, 0x00000000eab00000)
  object space 699392K, 52% used [0x00000000c0000000,0x00000000d67dbd70,0x00000000eab00000)
 Metaspace       used 118850K, capacity 119670K, committed 122956K, reserved 1153024K
  class space    used 19263K, capacity 19480K, committed 20044K, reserved 1048576K
Event: 1553,170 GC heap after
Heap after GC invocations=637 (full 51):
 PSYoungGen      total 252928K, used 21156K [0x00000000eab00000, 0x0000000100000000, 0x0000000100000000)
  eden space 162304K, 0% used [0x00000000eab00000,0x00000000eab00000,0x00000000f4980000)
  from space 90624K, 23% used [0x00000000f4980000,0x00000000f5e291c0,0x00000000fa200000)
  to   space 84480K, 0% used [0x00000000fad80000,0x00000000fad80000,0x0000000100000000)
 ParOldGen       total 699392K, used 369003K [0x00000000c0000000, 0x00000000eab00000, 0x00000000eab00000)
  object space 699392K, 52% used [0x00000000c0000000,0x00000000d685ad80,0x00000000eab00000)
 Metaspace       used 118850K, capacity 119670K, committed 122956K, reserved 1153024K
  class space    used 19263K, capacity 19480K, committed 20044K, reserved 1048576K
}
Event: 1553,228 GC heap before
{Heap before GC invocations=638 (full 51):
 PSYoungGen      total 252928K, used 181816K [0x00000000eab00000, 0x0000000100000000, 0x0000000100000000)
  eden space 162304K, 98% used [0x00000000eab00000,0x00000000f47e4ed8,0x00000000f4980000)
  from space 90624K, 23% used [0x00000000f4980000,0x00000000f5e291c0,0x00000000fa200000)
  to   space 84480K, 0% used [0x00000000fad80000,0x00000000fad80000,0x0000000100000000)
 ParOldGen       total 699392K, used 369003K [0x00000000c0000000, 0x00000000eab00000, 0x00000000eab00000)
  object space 699392K, 52% used [0x00000000c0000000,0x00000000d685ad80,0x00000000eab00000)
 Metaspace       used 118850K, capacity 119670K, committed 122956K, reserved 1153024K
  class space    used 19263K, capacity 19480K, committed 20044K, reserved 1048576K
Event: 1553,233 GC heap after
Heap after GC invocations=638 (full 51):
 PSYoungGen      total 270336K, used 12967K [0x00000000eab00000, 0x0000000100000000, 0x0000000100000000)
  eden space 185856K, 0% used [0x00000000eab00000,0x00000000eab00000,0x00000000f6080000)
  from space 84480K, 15% used [0x00000000fad80000,0x00000000fba29d88,0x0000000100000000)
  to   space 78848K, 0% used [0x00000000f6080000,0x00000000f6080000,0x00000000fad80000)
 ParOldGen       total 699392K, used 374783K [0x00000000c0000000, 0x00000000eab00000, 0x00000000eab00000)
  object space 699392K, 53% used [0x00000000c0000000,0x00000000d6dffdd0,0x00000000eab00000)
 Metaspace       used 118850K, capacity 119670K, committed 122956K, reserved 1153024K
  class space    used 19263K, capacity 19480K, committed 20044K, reserved 1048576K
}
Event: 1553,345 GC heap before
{Heap before GC invocations=639 (full 51):
 PSYoungGen      total 270336K, used 198823K [0x00000000eab00000, 0x0000000100000000, 0x0000000100000000)
  eden space 185856K, 100% used [0x00000000eab00000,0x00000000f6080000,0x00000000f6080000)
  from space 84480K, 15% used [0x00000000fad80000,0x00000000fba29d88,0x0000000100000000)
  to   space 78848K, 0% used [0x00000000f6080000,0x00000000f6080000,0x00000000fad80000)
 ParOldGen       total 699392K, used 374783K [0x00000000c0000000, 0x00000000eab00000, 0x00000000eab00000)
  object space 699392K, 53% used [0x00000000c0000000,0x00000000d6dffdd0,0x00000000eab00000)
 Metaspace       used 118850K, capacity 119670K, committed 122956K, reserved 1153024K
  class space    used 19263K, capacity 19480K, committed 20044K, reserved 1048576K
Event: 1553,357 GC heap after
Heap after GC invocations=639 (full 51):
 PSYoungGen      total 264704K, used 368K [0x00000000eab00000, 0x0000000100000000, 0x0000000100000000)
  eden space 185856K, 0% used [0x00000000eab00000,0x00000000eab00000,0x00000000f6080000)
  from space 78848K, 0% used [0x00000000f6080000,0x00000000f60dc010,0x00000000fad80000)
  to   space 76288K, 0% used [0x00000000fb580000,0x00000000fb580000,0x0000000100000000)
 ParOldGen       total 699392K, used 376007K [0x00000000c0000000, 0x00000000eab00000, 0x00000000eab00000)
  object space 699392K, 53% used [0x00000000c0000000,0x00000000d6f31e00,0x00000000eab00000)
 Metaspace       used 118850K, capacity 119670K, committed 122956K, reserved 1153024K
  class space    used 19263K, capacity 19480K, committed 20044K, reserved 1048576K
}
Event: 1589,827 GC heap before
{Heap before GC invocations=640 (full 51):
 PSYoungGen      total 264704K, used 186224K [0x00000000eab00000, 0x0000000100000000, 0x0000000100000000)
  eden space 185856K, 100% used [0x00000000eab00000,0x00000000f6080000,0x00000000f6080000)
  from space 78848K, 0% used [0x00000000f6080000,0x00000000f60dc010,0x00000000fad80000)
  to   space 76288K, 0% used [0x00000000fb580000,0x00000000fb580000,0x0000000100000000)
 ParOldGen       total 699392K, used 376007K [0x00000000c0000000, 0x00000000eab00000, 0x00000000eab00000)
  object space 699392K, 53% used [0x00000000c0000000,0x00000000d6f31e00,0x00000000eab00000)
 Metaspace       used 118880K, capacity 119676K, committed 122956K, reserved 1153024K
  class space    used 19264K, capacity 19481K, committed 20044K, reserved 1048576K
Event: 1589,836 GC heap after
Heap after GC invocations=640 (full 51):
 PSYoungGen      total 278016K, used 19923K [0x00000000eab00000, 0x0000000100000000, 0x0000000100000000)
  eden space 201728K, 0% used [0x00000000eab00000,0x00000000eab00000,0x00000000f7000000)
  from space 76288K, 26% used [0x00000000fb580000,0x00000000fc8f4e00,0x0000000100000000)
  to   space 71168K, 0% used [0x00000000f7000000,0x00000000f7000000,0x00000000fb580000)
 ParOldGen       total 699392K, used 376087K [0x00000000c0000000, 0x00000000eab00000, 0x00000000eab00000)
  object space 699392K, 53% used [0x00000000c0000000,0x00000000d6f45e60,0x00000000eab00000)
 Metaspace       used 118880K, capacity 119676K, committed 122956K, reserved 1153024K
  class space    used 19264K, capacity 19481K, committed 20044K, reserved 1048576K
}
Event: 1590,598 GC heap before
{Heap before GC invocations=641 (full 51):
 PSYoungGen      total 278016K, used 221651K [0x00000000eab00000, 0x0000000100000000, 0x0000000100000000)
  eden space 201728K, 100% used [0x00000000eab00000,0x00000000f7000000,0x00000000f7000000)
  from space 76288K, 26% used [0x00000000fb580000,0x00000000fc8f4e00,0x0000000100000000)
  to   space 71168K, 0% used [0x00000000f7000000,0x00000000f7000000,0x00000000fb580000)
 ParOldGen       total 699392K, used 376087K [0x00000000c0000000, 0x00000000eab00000, 0x00000000eab00000)
  object space 699392K, 53% used [0x00000000c0000000,0x00000000d6f45e60,0x00000000eab00000)
 Metaspace       used 119135K, capacity 119988K, committed 122956K, reserved 1153024K
  class space    used 19297K, capacity 19521K, committed 20044K, reserved 1048576K
Event: 1590,656 GC heap after
Heap after GC invocations=641 (full 51):
 PSYoungGen      total 272896K, used 37599K [0x00000000eab00000, 0x0000000100000000, 0x0000000100000000)
  eden space 201728K, 0% used [0x00000000eab00000,0x00000000eab00000,0x00000000f7000000)
  from space 71168K, 52% used [0x00000000f7000000,0x00000000f94b7d90,0x00000000fb580000)
  to   space 73728K, 0% used [0x00000000fb800000,0x00000000fb800000,0x0000000100000000)
 ParOldGen       total 699392K, used 392561K [0x00000000c0000000, 0x00000000eab00000, 0x00000000eab00000)
  object space 699392K, 56% used [0x00000000c0000000,0x00000000d7f5c7f8,0x00000000eab00000)
 Metaspace       used 119135K, capacity 119988K, committed 122956K, reserved 1153024K
  class space    used 19297K, capacity 19521K, committed 20044K, reserved 1048576K
}

