ldTest run scala.scalanative.junit.AssertFalse2Test started
ldTest scala.scalanative.junit.AssertFalse2Test.test started
leTest scala.scalanative.junit.AssertFalse2Test.test failed: java.lang.AssertionError: This is the message expected:<false> but was:<true>, took <TIME>
e2scala.scalanative.junit.AssertFalse2Test.test::java.lang.AssertionError: This is the message expected:<false> but was:<true>::true
ldTest scala.scalanative.junit.AssertFalse2Test.test finished, took <TIME>
ldTest run scala.scalanative.junit.AssertFalse2Test finished: 1 failed, 0 ignored, 1 total, <TIME>
d
