ldTest run scala.scalanative.junit.AssertTrueTest started
ldTest scala.scalanative.junit.AssertTrueTest.failTest started
leTest scala.scalanative.junit.AssertTrueTest.failTest failed: java.lang.AssertionError: expected:<true> but was:<false>, took <TIME>
e2scala.scalanative.junit.AssertTrueTest.failTest::java.lang.AssertionError: expected:<true> but was:<false>::true
ldTest scala.scalanative.junit.AssertTrueTest.failTest finished, took <TIME>
ldTest scala.scalanative.junit.AssertTrueTest.successTest started
ldTest scala.scalanative.junit.AssertTrueTest.successTest finished, took <TIME>
e0scala.scalanative.junit.AssertTrueTest.successTest::::true
ldTest run scala.scalanative.junit.AssertTrueTest finished: 1 failed, 0 ignored, 2 total, <TIME>
d
