liTest run scala.scalanative.junit.ExceptionInBeforeTest started
liTest scala.scalanative.junit.ExceptionInBeforeTest.test started
leTest scala.scalanative.junit.ExceptionInBeforeTest.test failed: java.lang.UnsupportedOperationException: Exception in before(), took <TIME>
e2scala.scalanative.junit.ExceptionInBeforeTest.test
leTest scala.scalanative.junit.ExceptionInBeforeTest.test failed: java.lang.IllegalArgumentException: after() must actually be called, took <TIME>
ldTest scala.scalanative.junit.ExceptionInBeforeTest.test finished, took <TIME>
liTest run scala.scalanative.junit.ExceptionInBeforeTest finished: 2 failed, 0 ignored, 1 total, <TIME>
d
