ldTest run scala.scalanative.junit.ExceptionBeforeAndAfterClass started
leTest scala.scalanative.junit.ExceptionBeforeAndAfterClass failed: java.lang.AssertionError: before, took <TIME>
e2scala.scalanative.junit.ExceptionBeforeAndAfterClass
leTest scala.scalanative.junit.ExceptionBeforeAndAfterClass failed: java.lang.IllegalArgumentException: after, took <TIME>
ldTest run scala.scalanative.junit.ExceptionBeforeAndAfterClass finished: 2 failed, 0 ignored, 0 total, <TIME>
d
