li[34mTest run [0mscala.scalanative.junit.[33mExpectTest[0m[34m started[0m
liTest scala.scalanative.junit.[33mExpectTest[0m.[36mexpectAssert[0m started
ldTest scala.scalanative.junit.[33mExpectTest[0m.[36mexpectAssert[0m finished, took <TIME>
e0scala.scalanative.junit.ExpectTest.expectAssert
liTest scala.scalanative.junit.[33mExpectTest[0m.[36mexpectNormal[0m started
ldTest scala.scalanative.junit.[33mExpectTest[0m.[36mexpectNormal[0m finished, took <TIME>
e0scala.scalanative.junit.ExpectTest.expectNormal
liTest scala.scalanative.junit.[33mExpectTest[0m.[36mfailExpectAssert[0m started
leTest scala.scalanative.junit.[33mExpectTest[0m.[31mfailExpectAssert[0m failed: java.lang.[31mAssertionError[0m: Expected exception: java.lang.AssertionError, took <TIME>
e2scala.scalanative.junit.ExpectTest.failExpectAssert
ldTest scala.scalanative.junit.[33mExpectTest[0m.[36mfailExpectAssert[0m finished, took <TIME>
liTest scala.scalanative.junit.[33mExpectTest[0m.[36mfailExpectDifferent[0m started
leTest scala.scalanative.junit.[33mExpectTest[0m.[31mfailExpectDifferent[0m failed: java.lang.[31mException[0m: Unexpected exception, expected<java.io.IOException> but was<java.lang.IllegalArgumentException>, took <TIME>
leCaused by: java.lang.IllegalArgumentException
e2scala.scalanative.junit.ExpectTest.failExpectDifferent
ldTest scala.scalanative.junit.[33mExpectTest[0m.[36mfailExpectDifferent[0m finished, took <TIME>
liTest scala.scalanative.junit.[33mExpectTest[0m.[36mfailExpectNoThrow[0m started
leTest scala.scalanative.junit.[33mExpectTest[0m.[31mfailExpectNoThrow[0m failed: java.lang.[31mAssertionError[0m: Expected exception: java.io.IOException, took <TIME>
e2scala.scalanative.junit.ExpectTest.failExpectNoThrow
ldTest scala.scalanative.junit.[33mExpectTest[0m.[36mfailExpectNoThrow[0m finished, took <TIME>
li[34mTest run [0mscala.scalanative.junit.[33mExpectTest[0m[34m finished: [0m[31m3 failed[0m[34m, [0m[34m0 ignored[0m[34m, 5 total, <TIME>[0m
d
