ld[34mTest run [0mscala.scalanative.junit.[33mMultiAssumeFail2Test[0m[34m started[0m
ldTest scala.scalanative.junit.[33mMultiAssumeFail2Test[0m.[36mmultiTest1[0m started
lwTest assumption in test scala.scalanative.junit.[33mMultiAssumeFail2Test[0m.[31mmultiTest1[0m failed: org.junit.[31mAssumptionViolatedException[0m: This assume should not pass, took <TIME>
e3scala.scalanative.junit.MultiAssumeFail2Test.multiTest1
ldTest scala.scalanative.junit.[33mMultiAssumeFail2Test[0m.[36mmultiTest1[0m finished, took <TIME>
e0scala.scalanative.junit.MultiAssumeFail2Test.multiTest1
ldTest scala.scalanative.junit.[33mMultiAssumeFail2Test[0m.[36mmultiTest2[0m started
ldTest scala.scalanative.junit.[33mMultiAssumeFail2Test[0m.[36mmultiTest2[0m finished, took <TIME>
e0scala.scalanative.junit.MultiAssumeFail2Test.multiTest2
ldTest scala.scalanative.junit.[33mMultiAssumeFail2Test[0m.[36mmultiTest3[0m started
ldTest scala.scalanative.junit.[33mMultiAssumeFail2Test[0m.[36mmultiTest3[0m finished, took <TIME>
e0scala.scalanative.junit.MultiAssumeFail2Test.multiTest3
ldTest scala.scalanative.junit.[33mMultiAssumeFail2Test[0m.[36mmultiTest4[0m started
lwTest assumption in test scala.scalanative.junit.[33mMultiAssumeFail2Test[0m.[31mmultiTest4[0m failed: org.junit.[31mAssumptionViolatedException[0m: This assume should not pass, took <TIME>
e3scala.scalanative.junit.MultiAssumeFail2Test.multiTest4
ldTest scala.scalanative.junit.[33mMultiAssumeFail2Test[0m.[36mmultiTest4[0m finished, took <TIME>
e0scala.scalanative.junit.MultiAssumeFail2Test.multiTest4
ldTest scala.scalanative.junit.[33mMultiAssumeFail2Test[0m.[36mmultiTest5[0m started
ldTest scala.scalanative.junit.[33mMultiAssumeFail2Test[0m.[36mmultiTest5[0m finished, took <TIME>
e0scala.scalanative.junit.MultiAssumeFail2Test.multiTest5
ld[34mTest run [0mscala.scalanative.junit.[33mMultiAssumeFail2Test[0m[34m finished: [0m[34m0 failed[0m[34m, [0m[34m0 ignored[0m[34m, 5 total, <TIME>[0m
d
